<?xml version="1.0" encoding="UTF-8"?>
<!-- Generated by org.testng.reporters.JUnitXMLReporter -->
<testsuite hostname="Kalyani" ignored="19" name="Default test" tests="1" failures="1" timestamp="31 Jul 2021 07:48:10 GMT" time="1.797" errors="0">
  <testcase name="verifyVendorAndVersionFor_32bit" time="1.779" classname="com.testcases.DownloadTest">
    <failure type="java.lang.AssertionError" message="expected [true] but found [false]">
      <![CDATA[java.lang.AssertionError: expected [true] but found [false]
	at org.testng.Assert.fail(Assert.java:94)
	at org.testng.Assert.failNotEquals(Assert.java:513)
	at org.testng.Assert.assertTrue(Assert.java:42)
	at org.testng.Assert.assertTrue(Assert.java:52)
	at com.testcases.DownloadTest.verifyVendorAndVersionFor_32bit(DownloadTest.java:134)
	at sun.reflect.NativeMethodAccessorImpl.invoke0(Native Method)
	at sun.reflect.NativeMethodAccessorImpl.invoke(NativeMethodAccessorImpl.java:62)
	at sun.reflect.DelegatingMethodAccessorImpl.invoke(DelegatingMethodAccessorImpl.java:43)
	at java.lang.reflect.Method.invoke(Method.java:498)
	at org.testng.internal.MethodInvocationHelper.invokeMethod(MethodInvocationHelper.java:104)
	at org.testng.internal.Invoker.invokeMethod(Invoker.java:645)
	at org.testng.internal.Invoker.invokeTestMethod(Invoker.java:851)
	at org.testng.internal.Invoker.invokeTestMethods(Invoker.java:1177)
	at org.testng.internal.TestMethodWorker.invokeTestMethods(TestMethodWorker.java:129)
	at org.testng.internal.TestMethodWorker.run(TestMethodWorker.java:112)
	at org.testng.TestRunner.privateRun(TestRunner.java:756)
	at org.testng.TestRunner.run(TestRunner.java:610)
	at org.testng.SuiteRunner.runTest(SuiteRunner.java:387)
	at org.testng.SuiteRunner.runSequentially(SuiteRunner.java:382)
	at org.testng.SuiteRunner.privateRun(SuiteRunner.java:340)
	at org.testng.SuiteRunner.run(SuiteRunner.java:289)
	at org.testng.SuiteRunnerWorker.runSuite(SuiteRunnerWorker.java:52)
	at org.testng.SuiteRunnerWorker.run(SuiteRunnerWorker.java:86)
	at org.testng.TestNG.runSuitesSequentially(TestNG.java:1293)
	at org.testng.TestNG.runSuitesLocally(TestNG.java:1218)
	at org.testng.TestNG.runSuites(TestNG.java:1133)
	at org.testng.TestNG.run(TestNG.java:1104)
	at org.testng.remote.AbstractRemoteTestNG.run(AbstractRemoteTestNG.java:132)
	at org.testng.remote.RemoteTestNG.initAndRun(RemoteTestNG.java:236)
	at org.testng.remote.RemoteTestNG.main(RemoteTestNG.java:81)
]]>
    </failure>
  </testcase> <!-- verifyVendorAndVersionFor_32bit -->
  <testcase name="verifyVendorForOfficialWebsiteColumn" time="0.0" classname="com.testcases.DownloadTest">
    <ignored/>
  </testcase> <!-- verifyVendorForOfficialWebsiteColumn -->
  <testcase name="verifyComplete_DownloadsTable" time="0.0" classname="com.testcases.DownloadTest">
    <ignored/>
  </testcase> <!-- verifyComplete_DownloadsTable -->
  <testcase name="checkImage" time="0.0" classname="com.testcases.DownloadTest">
    <ignored/>
  </testcase> <!-- checkImage -->
  <testcase name="verifyUrl" time="0.0" classname="com.testcases.DownloadTest">
    <ignored/>
  </testcase> <!-- verifyUrl -->
  <testcase name="verifySubHeading" time="0.0" classname="com.testcases.DownloadTest">
    <ignored/>
  </testcase> <!-- verifySubHeading -->
  <testcase name="checkNavigation" time="0.0" classname="com.testcases.DownloadTest">
    <ignored/>
  </testcase> <!-- checkNavigation -->
  <testcase name="leftCornerHeading" time="0.0" classname="com.testcases.DownloadTest">
    <ignored/>
  </testcase> <!-- leftCornerHeading -->
  <testcase name="verifyTitle" time="0.0" classname="com.testcases.DownloadTest">
    <ignored/>
  </testcase> <!-- verifyTitle -->
  <testcase name="verifyNmsForCommanBtnAndOtherBtn" time="0.0" classname="com.testcases.DownloadTest">
    <ignored/>
  </testcase> <!-- verifyNmsForCommanBtnAndOtherBtn -->
  <testcase name="verifyVendorForVersion76" time="0.0" classname="com.testcases.DownloadTest">
    <ignored/>
  </testcase> <!-- verifyVendorForVersion76 -->
  <testcase name="headingOfTable" time="0.0" classname="com.testcases.DownloadTest">
    <ignored/>
  </testcase> <!-- headingOfTable -->
  <testcase name="verifyHeading" time="0.0" classname="com.testcases.DownloadTest">
    <ignored/>
  </testcase> <!-- verifyHeading -->
  <testcase name="verifyNmsFor64bitBtn" time="0.0" classname="com.testcases.DownloadTest">
    <ignored/>
  </testcase> <!-- verifyNmsFor64bitBtn -->
  <testcase name="checkLeftCornerHeading" time="0.0" classname="com.testcases.DownloadTest">
    <ignored/>
  </testcase> <!-- checkLeftCornerHeading -->
  <testcase name="verifyNmsForCommanColumnBlankEntry" time="0.0" classname="com.testcases.DownloadTest">
    <ignored/>
  </testcase> <!-- verifyNmsForCommanColumnBlankEntry -->
  <testcase name="verifyUserStatus" time="0.0" classname="com.testcases.DownloadTest">
    <ignored/>
  </testcase> <!-- verifyUserStatus -->
  <testcase name="verifyNmsFor32bitBtn" time="0.0" classname="com.testcases.DownloadTest">
    <ignored/>
  </testcase> <!-- verifyNmsFor32bitBtn -->
  <testcase name="verifyFooter" time="0.0" classname="com.testcases.DownloadTest">
    <ignored/>
  </testcase> <!-- verifyFooter -->
  <testcase name="checkRightCornerHeading" time="0.0" classname="com.testcases.DownloadTest">
    <ignored/>
  </testcase> <!-- checkRightCornerHeading -->
</testsuite> <!-- Default test -->
